Traceback (most recent call last):
  File "/opt/hostedtoolcache/Python/3.10.8/x64/lib/python3.10/site-packages/jupyter_cache/executors/utils.py", line 51, in single_nb_execution
    executenb(
  File "/opt/hostedtoolcache/Python/3.10.8/x64/lib/python3.10/site-packages/nbclient/client.py", line 1204, in execute
    return NotebookClient(nb=nb, resources=resources, km=km, **kwargs).execute()
  File "/opt/hostedtoolcache/Python/3.10.8/x64/lib/python3.10/site-packages/nbclient/util.py", line 84, in wrapped
    return just_run(coro(*args, **kwargs))
  File "/opt/hostedtoolcache/Python/3.10.8/x64/lib/python3.10/site-packages/nbclient/util.py", line 62, in just_run
    return loop.run_until_complete(coro)
  File "/opt/hostedtoolcache/Python/3.10.8/x64/lib/python3.10/asyncio/base_events.py", line 649, in run_until_complete
    return future.result()
  File "/opt/hostedtoolcache/Python/3.10.8/x64/lib/python3.10/site-packages/nbclient/client.py", line 663, in async_execute
    await self.async_execute_cell(
  File "/opt/hostedtoolcache/Python/3.10.8/x64/lib/python3.10/site-packages/nbclient/client.py", line 965, in async_execute_cell
    await self._check_raise_for_error(cell, cell_index, exec_reply)
  File "/opt/hostedtoolcache/Python/3.10.8/x64/lib/python3.10/site-packages/nbclient/client.py", line 862, in _check_raise_for_error
    raise CellExecutionError.from_cell_and_msg(cell, exec_reply_content)
nbclient.exceptions.CellExecutionError: An error occurred while executing the following cell:
------------------
from sympy import * #import sympy
E1, E2, E3, omega1, omega2, omega3, k1, k2, k3, z, t = symbols('E1, E2, E3, omega_1, omega_2, omega_3, k_1, k_2, k_3, z, t')
Esq = ((E1*exp(I*(k1*z - omega1*t))+ functions.conjugate(E1)*exp(-I*(k1*z - omega1*t))
      + E2*exp(I*(k2*z - omega2*t))+ functions.conjugate(E2)*exp(-I*(k2*z - omega2*t))
      + E3*exp(I*(k3*z - (omega1+omega2)*t))+ functions.conjugate(E3)*exp(-I*(k3*z - (omega1+omega2)*t)))**2)
simplify(Esq.expand())
------------------

[0;31m---------------------------------------------------------------------------[0m
[0;31mModuleNotFoundError[0m                       Traceback (most recent call last)
Cell [0;32mIn [1], line 1[0m
[0;32m----> 1[0m [38;5;28;01mfrom[39;00m [38;5;21;01msympy[39;00m [38;5;28;01mimport[39;00m [38;5;241m*[39m [38;5;66;03m#import sympy[39;00m
[1;32m      2[0m E1, E2, E3, omega1, omega2, omega3, k1, k2, k3, z, t [38;5;241m=[39m symbols([38;5;124m'[39m[38;5;124mE1, E2, E3, omega_1, omega_2, omega_3, k_1, k_2, k_3, z, t[39m[38;5;124m'[39m)
[1;32m      3[0m Esq [38;5;241m=[39m ((E1[38;5;241m*[39mexp(I[38;5;241m*[39m(k1[38;5;241m*[39mz [38;5;241m-[39m omega1[38;5;241m*[39mt))[38;5;241m+[39m functions[38;5;241m.[39mconjugate(E1)[38;5;241m*[39mexp([38;5;241m-[39mI[38;5;241m*[39m(k1[38;5;241m*[39mz [38;5;241m-[39m omega1[38;5;241m*[39mt))
[1;32m      4[0m       [38;5;241m+[39m E2[38;5;241m*[39mexp(I[38;5;241m*[39m(k2[38;5;241m*[39mz [38;5;241m-[39m omega2[38;5;241m*[39mt))[38;5;241m+[39m functions[38;5;241m.[39mconjugate(E2)[38;5;241m*[39mexp([38;5;241m-[39mI[38;5;241m*[39m(k2[38;5;241m*[39mz [38;5;241m-[39m omega2[38;5;241m*[39mt))
[1;32m      5[0m       [38;5;241m+[39m E3[38;5;241m*[39mexp(I[38;5;241m*[39m(k3[38;5;241m*[39mz [38;5;241m-[39m (omega1[38;5;241m+[39momega2)[38;5;241m*[39mt))[38;5;241m+[39m functions[38;5;241m.[39mconjugate(E3)[38;5;241m*[39mexp([38;5;241m-[39mI[38;5;241m*[39m(k3[38;5;241m*[39mz [38;5;241m-[39m (omega1[38;5;241m+[39momega2)[38;5;241m*[39mt)))[38;5;241m*[39m[38;5;241m*[39m[38;5;241m2[39m)

[0;31mModuleNotFoundError[0m: No module named 'sympy'
ModuleNotFoundError: No module named 'sympy'

