Traceback (most recent call last):
  File "/opt/hostedtoolcache/Python/3.10.9/x64/lib/python3.10/site-packages/jupyter_cache/executors/utils.py", line 51, in single_nb_execution
    executenb(
  File "/opt/hostedtoolcache/Python/3.10.9/x64/lib/python3.10/site-packages/nbclient/client.py", line 1204, in execute
    return NotebookClient(nb=nb, resources=resources, km=km, **kwargs).execute()
  File "/opt/hostedtoolcache/Python/3.10.9/x64/lib/python3.10/site-packages/nbclient/util.py", line 84, in wrapped
    return just_run(coro(*args, **kwargs))
  File "/opt/hostedtoolcache/Python/3.10.9/x64/lib/python3.10/site-packages/nbclient/util.py", line 62, in just_run
    return loop.run_until_complete(coro)
  File "/opt/hostedtoolcache/Python/3.10.9/x64/lib/python3.10/asyncio/base_events.py", line 649, in run_until_complete
    return future.result()
  File "/opt/hostedtoolcache/Python/3.10.9/x64/lib/python3.10/site-packages/nbclient/client.py", line 663, in async_execute
    await self.async_execute_cell(
  File "/opt/hostedtoolcache/Python/3.10.9/x64/lib/python3.10/site-packages/nbclient/client.py", line 965, in async_execute_cell
    await self._check_raise_for_error(cell, cell_index, exec_reply)
  File "/opt/hostedtoolcache/Python/3.10.9/x64/lib/python3.10/site-packages/nbclient/client.py", line 862, in _check_raise_for_error
    raise CellExecutionError.from_cell_and_msg(cell, exec_reply_content)
nbclient.exceptions.CellExecutionError: An error occurred while executing the following cell:
------------------
E1, E2, omega, k1, k2, z, t = symbols('E1, E2, omega,k_1, k_2, z, t') #create symbols for the input electric fields.  We'll ignore epsilon_0 and chi for now.
Esq = (E1*exp(I*(k1*z - omega*t))+ functions.conjugate(E1)*exp(-I*(k1*z - omega*t)) + E2*exp(I*(k2*z - 2*omega*t))+ functions.conjugate(E2)*exp(-I*(k2*z - 2*omega*t)))**2
Esq.expand()
------------------

[0;31m---------------------------------------------------------------------------[0m
[0;31mNameError[0m                                 Traceback (most recent call last)
Cell [0;32mIn[2], line 1[0m
[0;32m----> 1[0m E1, E2, omega, k1, k2, z, t [38;5;241m=[39m [43msymbols[49m([38;5;124m'[39m[38;5;124mE1, E2, omega,k_1, k_2, z, t[39m[38;5;124m'[39m) [38;5;66;03m#create symbols for the input electric fields.  We'll ignore epsilon_0 and chi for now.[39;00m
[1;32m      2[0m Esq [38;5;241m=[39m (E1[38;5;241m*[39mexp(I[38;5;241m*[39m(k1[38;5;241m*[39mz [38;5;241m-[39m omega[38;5;241m*[39mt))[38;5;241m+[39m functions[38;5;241m.[39mconjugate(E1)[38;5;241m*[39mexp([38;5;241m-[39mI[38;5;241m*[39m(k1[38;5;241m*[39mz [38;5;241m-[39m omega[38;5;241m*[39mt)) [38;5;241m+[39m E2[38;5;241m*[39mexp(I[38;5;241m*[39m(k2[38;5;241m*[39mz [38;5;241m-[39m [38;5;241m2[39m[38;5;241m*[39momega[38;5;241m*[39mt))[38;5;241m+[39m functions[38;5;241m.[39mconjugate(E2)[38;5;241m*[39mexp([38;5;241m-[39mI[38;5;241m*[39m(k2[38;5;241m*[39mz [38;5;241m-[39m [38;5;241m2[39m[38;5;241m*[39momega[38;5;241m*[39mt)))[38;5;241m*[39m[38;5;241m*[39m[38;5;241m2[39m
[1;32m      3[0m Esq[38;5;241m.[39mexpand()

[0;31mNameError[0m: name 'symbols' is not defined
NameError: name 'symbols' is not defined

